生成启动时间为 2017/1/17 20:40:48。
     1>项目“C:\Users\beardollPC\Documents\Visual Studio 2012\Projects\SSALNS\SSALNS\SSALNS.vcxproj”在节点 2 上(Build 个目标)。
     1>ClCompile:
         G:\VS2012\VC\bin\CL.exe /c /ZI /nologo /W3 /WX- /Od /Oy- /D _MBCS /Gm /EHsc /RTC1 /MDd /GS /fp:precise /Zc:wchar_t /Zc:forScope /Fo"Debug\\" /Fd"Debug\vc110.pdb" /Gd /TP /analyze- /errorReport:prompt Car.cpp OutputFile.cpp Route.cpp SSALNS.cpp main.cpp
         SSALNS.cpp
     1>c:\users\beardollpc\documents\visual studio 2012\projects\ssalns\ssalns\ssalns.cpp(33): warning C4244: “参数”: 从“float”转换到“int”，可能丢失数据
     1>c:\users\beardollpc\documents\visual studio 2012\projects\ssalns\ssalns\ssalns.cpp(33): warning C4244: “参数”: 从“int”转换到“float”，可能丢失数据
     1>c:\users\beardollpc\documents\visual studio 2012\projects\ssalns\ssalns\ssalns.cpp(127): warning C4244: “初始化”: 从“int”转换到“float”，可能丢失数据
     1>c:\users\beardollpc\documents\visual studio 2012\projects\ssalns\ssalns\ssalns.cpp(757): warning C4244: “初始化”: 从“double”转换到“float”，可能丢失数据
     1>c:\users\beardollpc\documents\visual studio 2012\projects\ssalns\ssalns\ssalns.cpp(906): warning C4244: “=”: 从“double”转换到“int”，可能丢失数据
     1>c:\users\beardollpc\documents\visual studio 2012\projects\ssalns\ssalns\ssalns.cpp(988): warning C4305: “=”: 从“double”到“float”截断
     1>c:\users\beardollpc\documents\visual studio 2012\projects\ssalns\ssalns\ssalns.cpp(994): warning C4305: “=”: 从“double”到“float”截断
         Route.cpp
         正在生成代码...
         正在跳过...(未检测到相关更改)
         main.cpp
         OutputFile.cpp
         Car.cpp
       Link:
         G:\VS2012\VC\bin\link.exe /ERRORREPORT:PROMPT /OUT:"C:\Users\beardollPC\Documents\Visual Studio 2012\Projects\SSALNS\Debug\SSALNS.exe" /INCREMENTAL /NOLOGO kernel32.lib user32.lib gdi32.lib winspool.lib comdlg32.lib advapi32.lib shell32.lib ole32.lib oleaut32.lib uuid.lib odbc32.lib odbccp32.lib /MANIFEST /MANIFESTUAC:"level='asInvoker' uiAccess='false'" /manifest:embed /DEBUG /PDB:"C:\Users\beardollPC\Documents\Visual Studio 2012\Projects\SSALNS\Debug\SSALNS.pdb" /TLBID:1 /DYNAMICBASE /NXCOMPAT /IMPLIB:"C:\Users\beardollPC\Documents\Visual Studio 2012\Projects\SSALNS\Debug\SSALNS.lib" /MACHINE:X86 Debug\SSALNS.obj
         Debug\Car.obj
         Debug\LoadFile.obj
         Debug\main.obj
         Debug\OutputFile.obj
         Debug\Route.obj
         Debug\tinystr.obj
         Debug\tinyxml.obj
         Debug\tinyxmlerror.obj
         Debug\tinyxmlparser.obj
         SSALNS.vcxproj -> C:\Users\beardollPC\Documents\Visual Studio 2012\Projects\SSALNS\Debug\SSALNS.exe
     1>已完成生成项目“C:\Users\beardollPC\Documents\Visual Studio 2012\Projects\SSALNS\SSALNS\SSALNS.vcxproj”(Build 个目标)的操作。

生成成功。

已用时间 00:00:04.45
